H.sapiens_FIG4_polyphosphoinositide_phosphatase	100.000	907	0	0	0.0	1897	H.sapiens_FIG4_polyphosphoinositide_phosphatase
F.catus_FIG4_polyphosphoinositide_phosphatase_isoform_X1	98.015	907	18	0	0.0	1863	F.catus_FIG4_polyphosphoinositide_phosphatase_isoform_X1
E.caballus_FIG4_polyphosphoinositide_phosphatase	96.803	907	29	0	0.0	1844	E.caballus_FIG4_polyphosphoinositide_phosphatase
C.mydas_FIG4_polyphosphoinositide_phosphatase_isoform_X1	89.769	909	91	2	0.0	1699	C.mydas_FIG4_polyphosphoinositide_phosphatase_isoform_X1
S.townsendi_FIG4_polyphosphoinositide_phosphatase	89.636	907	93	1	0.0	1697	S.townsendi_FIG4_polyphosphoinositide_phosphatase
G.gallus_FIG4_polyphosphoinositide_phosphatase	89.659	909	92	2	0.0	1696	G.gallus_FIG4_polyphosphoinositide_phosphatase
X.laevis_fig4.L_polyphosphoinositide_phosphatase_isoform_X2	84.956	904	135	1	0.0	1603	X.laevis_fig4.L_polyphosphoinositide_phosphatase_isoform_X2
C.carcharias_fig4a_polyphosphoinositide_phosphatase_isoform_X1	78.618	912	189	5	0.0	1478	C.carcharias_fig4a_polyphosphoinositide_phosphatase_isoform_X1
G.aculeatus_fig4a_polyphosphoinositide_phosphatase_isoform_X1	72.210	932	226	6	0.0	1376	G.aculeatus_fig4a_polyphosphoinositide_phosphatase_isoform_X1
S.salar_fig4a_polyphosphoinositide_phosphatase	75.301	915	209	9	0.0	1374	S.salar_fig4a_polyphosphoinositide_phosphatase
D.rerio_fig4a_polyphosphoinositide_phosphatase_isoform_X1	70.076	528	155	1	0.0	766	D.rerio_fig4a_polyphosphoinositide_phosphatase_isoform_X1
D.rerio_fig4b_polyphosphoinositide_phosphatase	73.958	288	64	4	9.50e-141	423	D.rerio_fig4b_polyphosphoinositide_phosphatase
X.laevis_sacm1l.L_phosphatidylinositol3phosphatase_SAC1_isoform_1	29.630	540	277	22	2.24e-52	196	X.laevis_sacm1l.L_phosphatidylinositol3phosphatase_SAC1_isoform_1
G.aculeatus_LOC120810060_phosphatidylinositol3phosphatase_SAC1B	28.922	529	290	18	1.12e-50	191	G.aculeatus_LOC120810060_phosphatidylinositol3phosphatase_SAC1B
S.salar_LOC106605518_phosphatidylinositol3phosphatase_SAC1Blike	28.407	521	290	17	1.52e-50	191	S.salar_LOC106605518_phosphatidylinositol3phosphatase_SAC1Blike
S.salar_LOC106579366_phosphatidylinositol3phosphatase_SAC1B	28.407	521	290	17	2.57e-50	190	S.salar_LOC106579366_phosphatidylinositol3phosphatase_SAC1B
D.rerio_sacm1lb_phosphatidylinositide_phosphatase_SAC1A	27.963	540	293	20	2.15e-49	187	D.rerio_sacm1lb_phosphatidylinositide_phosphatase_SAC1A
F.catus_SACM1L_phosphatidylinositol3phosphatase_SAC1_isoform_X1	29.446	523	290	19	4.17e-49	187	F.catus_SACM1L_phosphatidylinositol3phosphatase_SAC1_isoform_X1
S.salar_LOC106570660_phosphatidylinositol3phosphatase_SAC1A	28.927	522	284	21	1.55e-48	185	S.salar_LOC106570660_phosphatidylinositol3phosphatase_SAC1A
E.caballus_SACM1L_phosphatidylinositide_phosphatase_SAC1_isoform_	28.733	529	286	19	1.62e-48	185	E.caballus_SACM1L_phosphatidylinositide_phosphatase_SAC1_isoform_
C.mydas_SACM1L_phosphatidylinositol3phosphatase_SAC1_isoform_X1	28.762	525	287	22	2.10e-48	184	C.mydas_SACM1L_phosphatidylinositol3phosphatase_SAC1_isoform_X1
S.salar_sacm1la_phosphatidylinositol3phosphatase_SAC1A	29.301	529	285	22	3.37e-48	184	S.salar_sacm1la_phosphatidylinositol3phosphatase_SAC1A
S.townsendi_SACM1L_phosphatidylinositol3phosphatase_SAC1	28.653	527	283	22	5.20e-48	183	S.townsendi_SACM1L_phosphatidylinositol3phosphatase_SAC1
G.aculeatus_sacm1la_phosphatidylinositol3phosphatase_SAC1A_isofor	28.023	521	282	21	6.69e-48	184	G.aculeatus_sacm1la_phosphatidylinositol3phosphatase_SAC1A_isofor
G.gallus_SACM1L_phosphatidylinositol3phosphatase_SAC1_isoform_1x	28.681	523	286	22	1.23e-47	183	G.gallus_SACM1L_phosphatidylinositol3phosphatase_SAC1_isoform_1x
C.carcharias_LOC121276208_phosphatidylinositol3phosphatase_SAC1li	28.952	525	285	21	7.44e-47	181	C.carcharias_LOC121276208_phosphatidylinositol3phosphatase_SAC1li
H.sapiens_SACM1L_phosphatidylinositol3phosphatase_SAC1_isoform_1x	28.107	523	297	17	4.83e-46	178	H.sapiens_SACM1L_phosphatidylinositol3phosphatase_SAC1_isoform_1x
D.rerio_sacm1la_phosphatidylinositide_phosphatase_SAC1B	29.190	531	289	21	3.13e-45	175	D.rerio_sacm1la_phosphatidylinositide_phosphatase_SAC1B
G.aculeatus_inpp5f_phosphatidylinositide_phosphatase_SAC2_isoform	26.923	468	240	17	1.13e-33	143	G.aculeatus_inpp5f_phosphatidylinositide_phosphatase_SAC2_isoform
F.catus_SYNJ1_synaptojanin1_isoform_X1	27.115	520	276	21	1.86e-33	143	F.catus_SYNJ1_synaptojanin1_isoform_X1
S.townsendi_SYNJ1_LOW_QUALITY_PROTEIN_synaptojanin1	27.079	517	280	21	2.39e-33	142	S.townsendi_SYNJ1_LOW_QUALITY_PROTEIN_synaptojanin1
D.rerio_inpp5f_phosphatidylinositide_phosphatase_SAC2_isoform_X1	26.708	483	241	20	1.08e-32	140	D.rerio_inpp5f_phosphatidylinositide_phosphatase_SAC2_isoform_X1
F.catus_INPP5F_phosphatidylinositide_phosphatase_SAC2_isoform_X1	26.383	470	240	16	1.14e-32	140	F.catus_INPP5F_phosphatidylinositide_phosphatase_SAC2_isoform_X1
H.sapiens_SYNJ1_synaptojanin1_isoform_X8	27.255	521	271	22	2.29e-32	139	H.sapiens_SYNJ1_synaptojanin1_isoform_X8
E.caballus_SYNJ1_synaptojanin1_isoform_X8	26.923	520	277	21	3.38e-32	139	E.caballus_SYNJ1_synaptojanin1_isoform_X8
S.salar_LOC106604534_phosphatidylinositide_phosphatase_SAC2like_i	30.357	336	186	11	3.56e-32	138	S.salar_LOC106604534_phosphatidylinositide_phosphatase_SAC2like_i
G.gallus_INPP5F_phosphatidylinositide_phosphatase_SAC2_isoform_X2	26.240	484	250	18	8.90e-32	137	G.gallus_INPP5F_phosphatidylinositide_phosphatase_SAC2_isoform_X2
G.gallus_SYNJ1_synaptojanin1_isoform_X8	26.886	517	281	21	1.42e-31	137	G.gallus_SYNJ1_synaptojanin1_isoform_X8
S.salar_inpp5f_phosphatidylinositide_phosphatase_SAC2	30.357	336	186	11	1.55e-31	136	S.salar_inpp5f_phosphatidylinositide_phosphatase_SAC2
C.mydas_INPP5F_phosphatidylinositide_phosphatase_SAC2_isoform_X2	25.403	496	263	18	3.29e-31	135	C.mydas_INPP5F_phosphatidylinositide_phosphatase_SAC2_isoform_X2
H.sapiens_INPP5F_phosphatidylinositide_phosphatase_SAC2_isoform_1	30.030	333	187	11	5.87e-31	134	H.sapiens_INPP5F_phosphatidylinositide_phosphatase_SAC2_isoform_1
C.mydas_SYNJ1_synaptojanin1_isoform_X1	27.079	517	280	20	5.94e-31	135	C.mydas_SYNJ1_synaptojanin1_isoform_X1
E.caballus_INPP5F_phosphatidylinositide_phosphatase_SAC2_isoform_	29.730	333	188	11	1.25e-30	133	E.caballus_INPP5F_phosphatidylinositide_phosphatase_SAC2_isoform_
X.laevis_inpp5f.L_phosphatidylinositide_phosphatase_SAC2	27.966	472	230	18	1.31e-30	133	X.laevis_inpp5f.L_phosphatidylinositide_phosphatase_SAC2
X.laevis_synj1.S_synaptojanin1_isoform_X6	26.731	520	279	19	4.33e-30	132	X.laevis_synj1.S_synaptojanin1_isoform_X6
S.townsendi_INPP5F_phosphatidylinositide_phosphatase_SAC2	29.429	333	189	11	6.82e-30	131	S.townsendi_INPP5F_phosphatidylinositide_phosphatase_SAC2
C.carcharias_inpp5f_phosphatidylinositide_phosphatase_SAC2_isofor	26.496	468	241	18	8.39e-30	131	C.carcharias_inpp5f_phosphatidylinositide_phosphatase_SAC2_isofor
D.rerio_synj1_synaptojanin1_isoform_X1	25.385	520	285	20	1.87e-29	130	D.rerio_synj1_synaptojanin1_isoform_X1
D.rerio_synj1_synaptojanin1_isoform_X1	25.385	520	285	20	2.06e-29	130	D.rerio_synj1_synaptojanin1_isoform_X1
D.rerio_synj1_synaptojanin1_isoform_X1	25.385	520	285	20	4.09e-29	129	D.rerio_synj1_synaptojanin1_isoform_X1
X.laevis_synj1.L_synaptojanin1_isoform_X1	26.908	524	273	22	5.24e-29	129	X.laevis_synj1.L_synaptojanin1_isoform_X1
G.aculeatus_synj1_LOW_QUALITY_PROTEIN_synaptojanin1	25.919	517	286	20	1.06e-27	124	G.aculeatus_synj1_LOW_QUALITY_PROTEIN_synaptojanin1
C.carcharias_synj1_synaptojanin1_isoform_X1	26.204	519	283	20	3.70e-27	122	C.carcharias_synj1_synaptojanin1_isoform_X1
F.catus_SYNJ2_synaptojanin2_isoform_X1	26.729	535	272	22	3.58e-25	116	F.catus_SYNJ2_synaptojanin2_isoform_X1
H.sapiens_SYNJ2_synaptojanin2_isoform_1	26.151	543	265	23	8.97e-25	115	H.sapiens_SYNJ2_synaptojanin2_isoform_1
S.townsendi_SYNJ2_synaptojanin2_isoform_X2	28.177	362	194	11	1.26e-24	114	S.townsendi_SYNJ2_synaptojanin2_isoform_X2
E.caballus_SYNJ2_synaptojanin2_isoform_X3	26.119	536	274	22	3.45e-24	113	E.caballus_SYNJ2_synaptojanin2_isoform_X3
C.mydas_SYNJ2_synaptojanin2_isoform_X1	26.236	526	274	19	4.46e-24	112	C.mydas_SYNJ2_synaptojanin2_isoform_X1
G.gallus_SYNJ2_synaptojanin2_isoform_X1	25.192	520	287	18	4.28e-22	106	G.gallus_SYNJ2_synaptojanin2_isoform_X1
X.laevis_synj2.L_synaptojanin2like_isoform_X1	28.142	366	190	15	2.80e-20	100	X.laevis_synj2.L_synaptojanin2like_isoform_X1
C.carcharias_LOC121269593_synaptojanin2like	25.333	525	285	18	5.33e-20	99.8	C.carcharias_LOC121269593_synaptojanin2like
G.gallus_DNAH10_dynein_axonemal_heavy_chain_10_isoform_X2	29.358	109	67	4	0.25	38.9	G.gallus_DNAH10_dynein_axonemal_heavy_chain_10_isoform_X2
G.aculeatus_sin3aa_SIN3_transcription_regulator_family_member_Aa	27.273	77	53	1	0.97	36.6	G.aculeatus_sin3aa_SIN3_transcription_regulator_family_member_Aa
F.catus_TCEAL8_transcription_elongation_factor_A_proteinlike_8	26.400	125	73	3	5.3	32.3	F.catus_TCEAL8_transcription_elongation_factor_A_proteinlike_8
F.catus_LOC101091742_vomeronasal_type1_receptor_4	39.216	51	28	1	7.0	33.5	F.catus_LOC101091742_vomeronasal_type1_receptor_4
G.aculeatus_LOC120824962_LOW_QUALITY_PROTEIN_teneurin3like	24.224	161	90	5	8.8	33.5	G.aculeatus_LOC120824962_LOW_QUALITY_PROTEIN_teneurin3like
S.salar_LOC106585667_protein_FAM222A_isoform_X1	26.446	121	73	4	8.8	33.5	S.salar_LOC106585667_protein_FAM222A_isoform_X1
