H.sapiens_FIG4_polyphosphoinositide_phosphatase
F.catus_FIG4_polyphosphoinositide_phosphatase_isoform_X1
E.caballus_FIG4_polyphosphoinositide_phosphatase
C.mydas_FIG4_polyphosphoinositide_phosphatase_isoform_X1
S.townsendi_FIG4_polyphosphoinositide_phosphatase
G.gallus_FIG4_polyphosphoinositide_phosphatase
X.laevis_fig4.L_polyphosphoinositide_phosphatase_isoform_X2
C.carcharias_fig4a_polyphosphoinositide_phosphatase_isoform_X1
G.aculeatus_fig4a_polyphosphoinositide_phosphatase_isoform_X1
S.salar_fig4a_polyphosphoinositide_phosphatase
D.rerio_fig4a_polyphosphoinositide_phosphatase_isoform_X1
D.rerio_fig4b_polyphosphoinositide_phosphatase
X.laevis_sacm1l.L_phosphatidylinositol3phosphatase_SAC1_isoform_1
G.aculeatus_LOC120810060_phosphatidylinositol3phosphatase_SAC1B
S.salar_LOC106605518_phosphatidylinositol3phosphatase_SAC1Blike
S.salar_LOC106579366_phosphatidylinositol3phosphatase_SAC1B
D.rerio_sacm1lb_phosphatidylinositide_phosphatase_SAC1A
F.catus_SACM1L_phosphatidylinositol3phosphatase_SAC1_isoform_X1
S.salar_LOC106570660_phosphatidylinositol3phosphatase_SAC1A
E.caballus_SACM1L_phosphatidylinositide_phosphatase_SAC1_isoform_
C.mydas_SACM1L_phosphatidylinositol3phosphatase_SAC1_isoform_X1
S.salar_sacm1la_phosphatidylinositol3phosphatase_SAC1A
S.townsendi_SACM1L_phosphatidylinositol3phosphatase_SAC1
G.aculeatus_sacm1la_phosphatidylinositol3phosphatase_SAC1A_isofor
G.gallus_SACM1L_phosphatidylinositol3phosphatase_SAC1_isoform_1x
C.carcharias_LOC121276208_phosphatidylinositol3phosphatase_SAC1li
H.sapiens_SACM1L_phosphatidylinositol3phosphatase_SAC1_isoform_1x
D.rerio_sacm1la_phosphatidylinositide_phosphatase_SAC1B
G.aculeatus_inpp5f_phosphatidylinositide_phosphatase_SAC2_isoform
F.catus_SYNJ1_synaptojanin1_isoform_X1
S.townsendi_SYNJ1_LOW_QUALITY_PROTEIN_synaptojanin1
D.rerio_inpp5f_phosphatidylinositide_phosphatase_SAC2_isoform_X1
F.catus_INPP5F_phosphatidylinositide_phosphatase_SAC2_isoform_X1
H.sapiens_SYNJ1_synaptojanin1_isoform_X8
E.caballus_SYNJ1_synaptojanin1_isoform_X8
S.salar_LOC106604534_phosphatidylinositide_phosphatase_SAC2like_i
G.gallus_INPP5F_phosphatidylinositide_phosphatase_SAC2_isoform_X2
G.gallus_SYNJ1_synaptojanin1_isoform_X8
S.salar_inpp5f_phosphatidylinositide_phosphatase_SAC2
C.mydas_INPP5F_phosphatidylinositide_phosphatase_SAC2_isoform_X2
H.sapiens_INPP5F_phosphatidylinositide_phosphatase_SAC2_isoform_1
C.mydas_SYNJ1_synaptojanin1_isoform_X1
